2024-02-21 16:43:32.569  INFO 8488 --- [restartedMain] com.mysit.sbb.SbbApplication             : Starting SbbApplication using Java 17.0.9 with PID 8488 (C:\WorkSpace-STS4\sbb\bin\main started by hi in C:\WorkSpace-STS4\sbb)
2024-02-21 16:43:32.573  INFO 8488 --- [restartedMain] com.mysit.sbb.SbbApplication             : No active profile set, falling back to 1 default profile: "default"
2024-02-21 16:43:32.779  INFO 8488 --- [restartedMain] o.s.b.devtools.restart.ChangeableUrls    : The Class-Path manifest attribute in C:\Users\hi\.gradle\caches\modules-2\files-2.1\com.oracle.database.jdbc\ojdbc11\21.9.0.0\1aad2e20684ee075bb9ebdca2d83f028e4fd35fa\ojdbc11-21.9.0.0.jar referenced one or more files that do not exist: file:/C:/Users/hi/.gradle/caches/modules-2/files-2.1/com.oracle.database.jdbc/ojdbc11/21.9.0.0/1aad2e20684ee075bb9ebdca2d83f028e4fd35fa/oraclepki.jar
2024-02-21 16:43:32.779  INFO 8488 --- [restartedMain] .e.DevToolsPropertyDefaultsPostProcessor : Devtools property defaults active! Set 'spring.devtools.add-properties' to 'false' to disable
2024-02-21 16:43:32.780  INFO 8488 --- [restartedMain] .e.DevToolsPropertyDefaultsPostProcessor : For additional web related logging consider setting the 'logging.level.web' property to 'DEBUG'
2024-02-21 16:43:33.362  INFO 8488 --- [restartedMain] .s.d.r.c.RepositoryConfigurationDelegate : Bootstrapping Spring Data JPA repositories in DEFAULT mode.
2024-02-21 16:43:33.410  INFO 8488 --- [restartedMain] .s.d.r.c.RepositoryConfigurationDelegate : Finished Spring Data repository scanning in 41 ms. Found 3 JPA repository interfaces.
2024-02-21 16:43:33.916  INFO 8488 --- [restartedMain] o.s.b.w.embedded.tomcat.TomcatWebServer  : Tomcat initialized with port 8585 (http)
2024-02-21 16:43:33.927  INFO 8488 --- [restartedMain] o.apache.catalina.core.StandardService   : Starting service [Tomcat]
2024-02-21 16:43:33.927  INFO 8488 --- [restartedMain] o.apache.catalina.core.StandardEngine    : Starting Servlet engine: [Apache Tomcat/10.1.18]
2024-02-21 16:43:33.970  INFO 8488 --- [restartedMain] o.a.c.c.C.[Tomcat].[localhost].[/]       : Initializing Spring embedded WebApplicationContext
2024-02-21 16:43:33.970  INFO 8488 --- [restartedMain] w.s.c.ServletWebServerApplicationContext : Root WebApplicationContext: initialization completed in 1190 ms
2024-02-21 16:43:33.994  INFO 8488 --- [restartedMain] com.zaxxer.hikari.HikariDataSource       : HikariPool-1 - Starting...
2024-02-21 16:43:34.258  INFO 8488 --- [restartedMain] com.zaxxer.hikari.pool.HikariPool        : HikariPool-1 - Added connection conn0: url=jdbc:h2:~/local200 user=SA
2024-02-21 16:43:34.259  INFO 8488 --- [restartedMain] com.zaxxer.hikari.HikariDataSource       : HikariPool-1 - Start completed.
2024-02-21 16:43:34.267  INFO 8488 --- [restartedMain] o.s.b.a.h2.H2ConsoleAutoConfiguration    : H2 console available at '/h2-console'. Database available at 'jdbc:h2:~/local200'
2024-02-21 16:43:34.385  INFO 8488 --- [restartedMain] o.hibernate.jpa.internal.util.LogHelper  : HHH000204: Processing PersistenceUnitInfo [name: default]
2024-02-21 16:43:34.450  INFO 8488 --- [restartedMain] org.hibernate.Version                    : HHH000412: Hibernate ORM core version 6.4.1.Final
2024-02-21 16:43:34.487  INFO 8488 --- [restartedMain] o.h.c.internal.RegionFactoryInitiator    : HHH000026: Second-level cache disabled
2024-02-21 16:43:34.730  INFO 8488 --- [restartedMain] o.s.o.j.p.SpringPersistenceUnitInfo      : No LoadTimeWeaver setup: ignoring JPA class transformer
2024-02-21 16:43:34.775  WARN 8488 --- [restartedMain] org.hibernate.orm.deprecation            : HHH90000025: H2Dialect does not need to be specified explicitly using 'hibernate.dialect' (remove the property setting and it will be selected by default)
2024-02-21 16:43:35.744  INFO 8488 --- [restartedMain] o.h.e.t.j.p.i.JtaPlatformInitiator       : HHH000489: No JTA platform available (set 'hibernate.transaction.jta.platform' to enable JTA platform integration)
2024-02-21 16:43:35.787  INFO 8488 --- [restartedMain] j.LocalContainerEntityManagerFactoryBean : Initialized JPA EntityManagerFactory for persistence unit 'default'
2024-02-21 16:43:36.173  INFO 8488 --- [restartedMain] o.s.d.j.r.query.QueryEnhancerFactory     : Hibernate is in classpath; If applicable, HQL parser will be used.
2024-02-21 16:43:36.518  WARN 8488 --- [restartedMain] JpaBaseConfiguration$JpaWebConfiguration : spring.jpa.open-in-view is enabled by default. Therefore, database queries may be performed during view rendering. Explicitly configure spring.jpa.open-in-view to disable this warning
2024-02-21 16:43:36.780  INFO 8488 --- [restartedMain] o.s.s.web.DefaultSecurityFilterChain     : Will secure any request with [org.springframework.security.web.session.DisableEncodeUrlFilter@4213681f, org.springframework.security.web.context.request.async.WebAsyncManagerIntegrationFilter@7a20180c, org.springframework.security.web.context.SecurityContextHolderFilter@157cea3a, org.springframework.security.web.header.HeaderWriterFilter@2d66deb3, org.springframework.web.filter.CorsFilter@6cc9fa91, org.springframework.security.web.csrf.CsrfFilter@63cc8b1c, org.springframework.security.web.authentication.logout.LogoutFilter@2fe01e7b, org.springframework.security.web.authentication.UsernamePasswordAuthenticationFilter@769af4b2, org.springframework.security.web.savedrequest.RequestCacheAwareFilter@35971f5a, org.springframework.security.web.servletapi.SecurityContextHolderAwareRequestFilter@50edb7c6, org.springframework.security.web.authentication.AnonymousAuthenticationFilter@66b3e85f, org.springframework.security.web.access.ExceptionTranslationFilter@60841af2, org.springframework.security.web.access.intercept.AuthorizationFilter@2d564d23]
2024-02-21 16:43:37.036  INFO 8488 --- [restartedMain] o.s.b.d.a.OptionalLiveReloadServer       : LiveReload server is running on port 35729
2024-02-21 16:43:37.076  INFO 8488 --- [restartedMain] o.s.b.w.embedded.tomcat.TomcatWebServer  : Tomcat started on port 8585 (http) with context path ''
2024-02-21 16:43:37.084  INFO 8488 --- [restartedMain] com.mysit.sbb.SbbApplication             : Started SbbApplication in 4.845 seconds (process running for 5.548)
2024-02-21 16:43:41.050  INFO 8488 --- [http-nio-8585-exec-1] o.a.c.c.C.[Tomcat].[localhost].[/]       : Initializing Spring DispatcherServlet 'dispatcherServlet'
2024-02-21 16:43:41.050  INFO 8488 --- [http-nio-8585-exec-1] o.s.web.servlet.DispatcherServlet        : Initializing Servlet 'dispatcherServlet'
2024-02-21 16:43:41.051  INFO 8488 --- [http-nio-8585-exec-1] o.s.web.servlet.DispatcherServlet        : Completed initialization in 1 ms
2024-02-21 16:43:41.107  INFO 8488 --- [http-nio-8585-exec-2] c.mysit.sbb.question.QuestionController  : page:0, kw:
2024-02-21 19:09:39.767  INFO 8488 --- [RMI TCP Connection(154)-127.0.0.1] inMXBeanRegistrar$SpringApplicationAdmin : Application shutdown requested.
2024-02-21 19:09:39.783  INFO 8488 --- [RMI TCP Connection(154)-127.0.0.1] j.LocalContainerEntityManagerFactoryBean : Closing JPA EntityManagerFactory for persistence unit 'default'
2024-02-21 19:09:39.786  INFO 8488 --- [RMI TCP Connection(154)-127.0.0.1] com.zaxxer.hikari.HikariDataSource       : HikariPool-1 - Shutdown initiated...
2024-02-21 19:09:39.795  INFO 8488 --- [RMI TCP Connection(154)-127.0.0.1] com.zaxxer.hikari.HikariDataSource       : HikariPool-1 - Shutdown completed.
