2024-02-02 18:17:38.055  INFO 14776 --- [restartedMain] com.mysit.sbb.SbbApplication             : Starting SbbApplication using Java 17.0.9 with PID 14776 (C:\WorkSpace-STS4\sbb\bin\main started by hi in C:\WorkSpace-STS4\sbb)
2024-02-02 18:17:38.055  INFO 14776 --- [restartedMain] com.mysit.sbb.SbbApplication             : No active profile set, falling back to 1 default profile: "default"
2024-02-02 18:17:38.197  INFO 14776 --- [restartedMain] .s.d.r.c.RepositoryConfigurationDelegate : Bootstrapping Spring Data JPA repositories in DEFAULT mode.
2024-02-02 18:17:38.206  INFO 14776 --- [restartedMain] .s.d.r.c.RepositoryConfigurationDelegate : Finished Spring Data repository scanning in 8 ms. Found 3 JPA repository interfaces.
2024-02-02 18:17:38.290  INFO 14776 --- [restartedMain] o.s.b.w.embedded.tomcat.TomcatWebServer  : Tomcat initialized with port 8585 (http)
2024-02-02 18:17:38.291  INFO 14776 --- [restartedMain] o.apache.catalina.core.StandardService   : Starting service [Tomcat]
2024-02-02 18:17:38.291  INFO 14776 --- [restartedMain] o.apache.catalina.core.StandardEngine    : Starting Servlet engine: [Apache Tomcat/10.1.18]
2024-02-02 18:17:38.308  INFO 14776 --- [restartedMain] o.a.c.c.C.[Tomcat].[localhost].[/]       : Initializing Spring embedded WebApplicationContext
2024-02-02 18:17:38.308  INFO 14776 --- [restartedMain] w.s.c.ServletWebServerApplicationContext : Root WebApplicationContext: initialization completed in 249 ms
2024-02-02 18:17:38.319  INFO 14776 --- [restartedMain] com.zaxxer.hikari.HikariDataSource       : HikariPool-3 - Starting...
2024-02-02 18:17:38.327  INFO 14776 --- [restartedMain] com.zaxxer.hikari.pool.HikariPool        : HikariPool-3 - Added connection conn20: url=jdbc:h2:~/local200 user=SA
2024-02-02 18:17:38.327  INFO 14776 --- [restartedMain] com.zaxxer.hikari.HikariDataSource       : HikariPool-3 - Start completed.
2024-02-02 18:17:38.327  INFO 14776 --- [restartedMain] o.s.b.a.h2.H2ConsoleAutoConfiguration    : H2 console available at '/h2-console'. Database available at 'jdbc:h2:~/local200'
2024-02-02 18:17:38.352  INFO 14776 --- [restartedMain] o.hibernate.jpa.internal.util.LogHelper  : HHH000204: Processing PersistenceUnitInfo [name: default]
2024-02-02 18:17:38.355  INFO 14776 --- [restartedMain] o.h.c.internal.RegionFactoryInitiator    : HHH000026: Second-level cache disabled
2024-02-02 18:17:38.358  INFO 14776 --- [restartedMain] o.s.o.j.p.SpringPersistenceUnitInfo      : No LoadTimeWeaver setup: ignoring JPA class transformer
2024-02-02 18:17:38.359  WARN 14776 --- [restartedMain] org.hibernate.orm.deprecation            : HHH90000025: H2Dialect does not need to be specified explicitly using 'hibernate.dialect' (remove the property setting and it will be selected by default)
2024-02-02 18:17:38.400  INFO 14776 --- [restartedMain] o.h.e.t.j.p.i.JtaPlatformInitiator       : HHH000489: No JTA platform available (set 'hibernate.transaction.jta.platform' to enable JTA platform integration)
2024-02-02 18:17:38.402  INFO 14776 --- [restartedMain] j.LocalContainerEntityManagerFactoryBean : Initialized JPA EntityManagerFactory for persistence unit 'default'
2024-02-02 18:17:38.514  WARN 14776 --- [restartedMain] JpaBaseConfiguration$JpaWebConfiguration : spring.jpa.open-in-view is enabled by default. Therefore, database queries may be performed during view rendering. Explicitly configure spring.jpa.open-in-view to disable this warning
2024-02-02 18:17:38.593  INFO 14776 --- [restartedMain] o.s.s.web.DefaultSecurityFilterChain     : Will secure any request with [org.springframework.security.web.session.DisableEncodeUrlFilter@2421232f, org.springframework.security.web.context.request.async.WebAsyncManagerIntegrationFilter@7aa2b69c, org.springframework.security.web.context.SecurityContextHolderFilter@415710ee, org.springframework.security.web.header.HeaderWriterFilter@35a6ec, org.springframework.web.filter.CorsFilter@59f73230, org.springframework.security.web.csrf.CsrfFilter@6f831c41, org.springframework.security.web.authentication.logout.LogoutFilter@7933bb7a, org.springframework.security.web.authentication.UsernamePasswordAuthenticationFilter@1556d8bf, org.springframework.security.web.savedrequest.RequestCacheAwareFilter@36417d91, org.springframework.security.web.servletapi.SecurityContextHolderAwareRequestFilter@10259a8b, org.springframework.security.web.authentication.AnonymousAuthenticationFilter@7a479a91, org.springframework.security.web.access.ExceptionTranslationFilter@4f1d3be1, org.springframework.security.web.access.intercept.AuthorizationFilter@715a5585]
2024-02-02 18:17:38.681  INFO 14776 --- [restartedMain] o.s.b.d.a.OptionalLiveReloadServer       : LiveReload server is running on port 35729
2024-02-02 18:17:38.691  INFO 14776 --- [restartedMain] o.s.b.w.embedded.tomcat.TomcatWebServer  : Tomcat started on port 8585 (http) with context path ''
2024-02-02 18:17:38.694  INFO 14776 --- [restartedMain] com.mysit.sbb.SbbApplication             : Started SbbApplication in 0.668 seconds (process running for 1832.21)
2024-02-02 18:17:38.696  INFO 14776 --- [restartedMain] .ConditionEvaluationDeltaLoggingListener : Condition evaluation unchanged
2024-02-02 18:17:52.795  INFO 14776 --- [http-nio-8585-exec-1] o.a.c.c.C.[Tomcat].[localhost].[/]       : Initializing Spring DispatcherServlet 'dispatcherServlet'
2024-02-02 18:17:52.795  INFO 14776 --- [http-nio-8585-exec-1] o.s.web.servlet.DispatcherServlet        : Initializing Servlet 'dispatcherServlet'
2024-02-02 18:17:52.796  INFO 14776 --- [http-nio-8585-exec-1] o.s.web.servlet.DispatcherServlet        : Completed initialization in 1 ms
2024-02-02 18:17:52.806  INFO 14776 --- [http-nio-8585-exec-2] c.mysit.sbb.question.QuestionController  : page:0, kw:
2024-02-02 19:01:56.724  INFO 14776 --- [RMI TCP Connection(98)-127.0.0.1] inMXBeanRegistrar$SpringApplicationAdmin : Application shutdown requested.
2024-02-02 19:01:56.734  INFO 14776 --- [RMI TCP Connection(98)-127.0.0.1] j.LocalContainerEntityManagerFactoryBean : Closing JPA EntityManagerFactory for persistence unit 'default'
2024-02-02 19:01:56.735  INFO 14776 --- [RMI TCP Connection(98)-127.0.0.1] com.zaxxer.hikari.HikariDataSource       : HikariPool-3 - Shutdown initiated...
2024-02-02 19:01:56.938  INFO 14776 --- [RMI TCP Connection(98)-127.0.0.1] com.zaxxer.hikari.HikariDataSource       : HikariPool-3 - Shutdown completed.
