2024-02-08 09:29:42.267  INFO 7552 --- [restartedMain] com.mysit.sbb.SbbApplication             : Starting SbbApplication using Java 17.0.9 with PID 7552 (C:\WorkSpace-STS4\sbb\bin\main started by hi in C:\WorkSpace-STS4\sbb)
2024-02-08 09:29:42.270  INFO 7552 --- [restartedMain] com.mysit.sbb.SbbApplication             : No active profile set, falling back to 1 default profile: "default"
2024-02-08 09:29:42.450  INFO 7552 --- [restartedMain] o.s.b.devtools.restart.ChangeableUrls    : The Class-Path manifest attribute in C:\Users\hi\.gradle\caches\modules-2\files-2.1\com.oracle.database.jdbc\ojdbc11\21.9.0.0\1aad2e20684ee075bb9ebdca2d83f028e4fd35fa\ojdbc11-21.9.0.0.jar referenced one or more files that do not exist: file:/C:/Users/hi/.gradle/caches/modules-2/files-2.1/com.oracle.database.jdbc/ojdbc11/21.9.0.0/1aad2e20684ee075bb9ebdca2d83f028e4fd35fa/oraclepki.jar
2024-02-08 09:29:42.451  INFO 7552 --- [restartedMain] .e.DevToolsPropertyDefaultsPostProcessor : Devtools property defaults active! Set 'spring.devtools.add-properties' to 'false' to disable
2024-02-08 09:29:42.451  INFO 7552 --- [restartedMain] .e.DevToolsPropertyDefaultsPostProcessor : For additional web related logging consider setting the 'logging.level.web' property to 'DEBUG'
2024-02-08 09:29:42.951  INFO 7552 --- [restartedMain] .s.d.r.c.RepositoryConfigurationDelegate : Bootstrapping Spring Data JPA repositories in DEFAULT mode.
2024-02-08 09:29:42.988  INFO 7552 --- [restartedMain] .s.d.r.c.RepositoryConfigurationDelegate : Finished Spring Data repository scanning in 32 ms. Found 3 JPA repository interfaces.
2024-02-08 09:29:43.413  INFO 7552 --- [restartedMain] o.s.b.w.embedded.tomcat.TomcatWebServer  : Tomcat initialized with port 8585 (http)
2024-02-08 09:29:43.421  INFO 7552 --- [restartedMain] o.apache.catalina.core.StandardService   : Starting service [Tomcat]
2024-02-08 09:29:43.421  INFO 7552 --- [restartedMain] o.apache.catalina.core.StandardEngine    : Starting Servlet engine: [Apache Tomcat/10.1.18]
2024-02-08 09:29:43.462  INFO 7552 --- [restartedMain] o.a.c.c.C.[Tomcat].[localhost].[/]       : Initializing Spring embedded WebApplicationContext
2024-02-08 09:29:43.463  INFO 7552 --- [restartedMain] w.s.c.ServletWebServerApplicationContext : Root WebApplicationContext: initialization completed in 1011 ms
2024-02-08 09:29:43.487  INFO 7552 --- [restartedMain] com.zaxxer.hikari.HikariDataSource       : HikariPool-1 - Starting...
2024-02-08 09:29:43.720  INFO 7552 --- [restartedMain] com.zaxxer.hikari.pool.HikariPool        : HikariPool-1 - Added connection conn0: url=jdbc:h2:~/local200 user=SA
2024-02-08 09:29:43.721  INFO 7552 --- [restartedMain] com.zaxxer.hikari.HikariDataSource       : HikariPool-1 - Start completed.
2024-02-08 09:29:43.728  INFO 7552 --- [restartedMain] o.s.b.a.h2.H2ConsoleAutoConfiguration    : H2 console available at '/h2-console'. Database available at 'jdbc:h2:~/local200'
2024-02-08 09:29:43.825  INFO 7552 --- [restartedMain] o.hibernate.jpa.internal.util.LogHelper  : HHH000204: Processing PersistenceUnitInfo [name: default]
2024-02-08 09:29:43.887  INFO 7552 --- [restartedMain] org.hibernate.Version                    : HHH000412: Hibernate ORM core version 6.4.1.Final
2024-02-08 09:29:43.920  INFO 7552 --- [restartedMain] o.h.c.internal.RegionFactoryInitiator    : HHH000026: Second-level cache disabled
2024-02-08 09:29:44.124  INFO 7552 --- [restartedMain] o.s.o.j.p.SpringPersistenceUnitInfo      : No LoadTimeWeaver setup: ignoring JPA class transformer
2024-02-08 09:29:44.166  WARN 7552 --- [restartedMain] org.hibernate.orm.deprecation            : HHH90000025: H2Dialect does not need to be specified explicitly using 'hibernate.dialect' (remove the property setting and it will be selected by default)
2024-02-08 09:29:44.941  INFO 7552 --- [restartedMain] o.h.e.t.j.p.i.JtaPlatformInitiator       : HHH000489: No JTA platform available (set 'hibernate.transaction.jta.platform' to enable JTA platform integration)
2024-02-08 09:29:44.971  INFO 7552 --- [restartedMain] j.LocalContainerEntityManagerFactoryBean : Initialized JPA EntityManagerFactory for persistence unit 'default'
2024-02-08 09:29:45.231  INFO 7552 --- [restartedMain] o.s.d.j.r.query.QueryEnhancerFactory     : Hibernate is in classpath; If applicable, HQL parser will be used.
2024-02-08 09:29:45.548  WARN 7552 --- [restartedMain] JpaBaseConfiguration$JpaWebConfiguration : spring.jpa.open-in-view is enabled by default. Therefore, database queries may be performed during view rendering. Explicitly configure spring.jpa.open-in-view to disable this warning
2024-02-08 09:29:45.785  INFO 7552 --- [restartedMain] o.s.s.web.DefaultSecurityFilterChain     : Will secure any request with [org.springframework.security.web.session.DisableEncodeUrlFilter@980937f, org.springframework.security.web.context.request.async.WebAsyncManagerIntegrationFilter@3a9a4173, org.springframework.security.web.context.SecurityContextHolderFilter@5c683c16, org.springframework.security.web.header.HeaderWriterFilter@442ade39, org.springframework.web.filter.CorsFilter@115860cc, org.springframework.security.web.csrf.CsrfFilter@43cc6292, org.springframework.security.web.authentication.logout.LogoutFilter@122a8b46, org.springframework.security.web.authentication.UsernamePasswordAuthenticationFilter@139d7dea, org.springframework.security.web.savedrequest.RequestCacheAwareFilter@1b3be99c, org.springframework.security.web.servletapi.SecurityContextHolderAwareRequestFilter@7f50862c, org.springframework.security.web.authentication.AnonymousAuthenticationFilter@36e176e4, org.springframework.security.web.access.ExceptionTranslationFilter@56acb5fc, org.springframework.security.web.access.intercept.AuthorizationFilter@6db63606]
2024-02-08 09:29:46.021  WARN 7552 --- [restartedMain] o.s.b.d.a.OptionalLiveReloadServer       : Unable to start LiveReload server
2024-02-08 09:29:46.052  INFO 7552 --- [restartedMain] o.s.b.w.embedded.tomcat.TomcatWebServer  : Tomcat started on port 8585 (http) with context path ''
2024-02-08 09:29:46.058  INFO 7552 --- [restartedMain] com.mysit.sbb.SbbApplication             : Started SbbApplication in 4.07 seconds (process running for 4.654)
2024-02-08 09:30:59.841  INFO 7552 --- [http-nio-8585-exec-1] o.a.c.c.C.[Tomcat].[localhost].[/]       : Initializing Spring DispatcherServlet 'dispatcherServlet'
2024-02-08 09:30:59.841  INFO 7552 --- [http-nio-8585-exec-1] o.s.web.servlet.DispatcherServlet        : Initializing Servlet 'dispatcherServlet'
2024-02-08 09:30:59.842  INFO 7552 --- [http-nio-8585-exec-1] o.s.web.servlet.DispatcherServlet        : Completed initialization in 1 ms
2024-02-08 09:30:59.892  INFO 7552 --- [http-nio-8585-exec-2] c.mysit.sbb.question.QuestionController  : page:0, kw:
2024-02-08 09:32:48.966  INFO 7552 --- [http-nio-8585-exec-8] c.mysit.sbb.question.QuestionController  : page:1, kw:
2024-02-08 09:32:50.880  INFO 7552 --- [http-nio-8585-exec-1] c.mysit.sbb.question.QuestionController  : page:2, kw:
2024-02-08 09:32:52.034  INFO 7552 --- [http-nio-8585-exec-3] c.mysit.sbb.question.QuestionController  : page:3, kw:
2024-02-08 09:32:53.434  INFO 7552 --- [http-nio-8585-exec-7] c.mysit.sbb.question.QuestionController  : page:4, kw:
2024-02-08 09:32:54.698  INFO 7552 --- [http-nio-8585-exec-9] c.mysit.sbb.question.QuestionController  : page:5, kw:
2024-02-08 09:32:55.673  INFO 7552 --- [http-nio-8585-exec-2] c.mysit.sbb.question.QuestionController  : page:6, kw:
2024-02-08 09:32:56.425  INFO 7552 --- [http-nio-8585-exec-5] c.mysit.sbb.question.QuestionController  : page:8, kw:
2024-02-08 09:33:31.415  INFO 7552 --- [http-nio-8585-exec-8] c.mysit.sbb.question.QuestionController  : page:7, kw:
2024-02-08 09:33:32.090  INFO 7552 --- [http-nio-8585-exec-1] c.mysit.sbb.question.QuestionController  : page:6, kw:
2024-02-08 09:33:32.568  INFO 7552 --- [http-nio-8585-exec-3] c.mysit.sbb.question.QuestionController  : page:5, kw:
2024-02-08 18:29:58.484  INFO 7552 --- [RMI TCP Connection(548)-127.0.0.1] inMXBeanRegistrar$SpringApplicationAdmin : Application shutdown requested.
2024-02-08 18:29:58.500  INFO 7552 --- [RMI TCP Connection(548)-127.0.0.1] j.LocalContainerEntityManagerFactoryBean : Closing JPA EntityManagerFactory for persistence unit 'default'
2024-02-08 18:29:58.503  INFO 7552 --- [RMI TCP Connection(548)-127.0.0.1] com.zaxxer.hikari.HikariDataSource       : HikariPool-1 - Shutdown initiated...
2024-02-08 18:29:58.517  INFO 7552 --- [RMI TCP Connection(548)-127.0.0.1] com.zaxxer.hikari.HikariDataSource       : HikariPool-1 - Shutdown completed.
